# JRE version: OpenJDK Runtime Environment (21.0.8) (build 21.0.8+-14196175-b1038.72)
# Java VM: OpenJDK 64-Bit Server VM (21.0.8+-14196175-b1038.72, mixed mode, emulated-client, tiered, compressed oops, compressed class ptrs, g1 gc, windows-amd64)
GC Precious Log:
 CardTable entry size: 512
 Card Set container configuration: InlinePtr #cards 5 size 8 Array Of Cards #cards 12 size 40 Howl #buckets 4 coarsen threshold 1843 Howl Bitmap #cards 512 size 80 coarsen threshold 460 Card regions per heap region 1 cards per card region 2048
 CPUs: 12 total, 12 available
 Memory: 6005M
 Large Page Support: Disabled
 NUMA Support: Disabled
 Compressed Oops: Enabled (32-bit)
 Heap Region Size: 1M
 Heap Min Capacity: 8M
 Heap Initial Capacity: 94M
 Heap Max Capacity: 1502M
 Pre-touch: Disabled
 Parallel Workers: 10
 Concurrent Workers: 3
 Concurrent Refinement Workers: 10
 Periodic GC: Disabled
Heap:
 garbage-first heap   total 43008K, used 26913K [0x00000000a2200000, 0x0000000100000000)
  region size 1024K, 2 young (2048K), 1 survivors (1024K)
 Metaspace       used 59176K, committed 59712K, reserved 1114112K
  class space    used 8118K, committed 8384K, reserved 1048576K
GC Heap History (20 events):
Event: 11.369 GC heap before
{Heap before GC invocations=9 (full 0):
 garbage-first heap   total 43008K, used 20503K [0x00000000a2200000, 0x0000000100000000)
  region size 1024K, 6 young (6144K), 3 survivors (3072K)
 Metaspace       used 35809K, committed 36096K, reserved 1114112K
  class space    used 4670K, committed 4800K, reserved 1048576K
}
Event: 11.372 GC heap after
{Heap after GC invocations=10 (full 0):
 garbage-first heap   total 43008K, used 18761K [0x00000000a2200000, 0x0000000100000000)
  region size 1024K, 2 young (2048K), 2 survivors (2048K)
 Metaspace       used 35809K, committed 36096K, reserved 1114112K
  class space    used 4670K, committed 4800K, reserved 1048576K
}
Event: 12.450 GC heap before
{Heap before GC invocations=11 (full 0):
 garbage-first heap   total 43008K, used 37193K [0x00000000a2200000, 0x0000000100000000)
  region size 1024K, 20 young (20480K), 2 survivors (2048K)
 Metaspace       used 38515K, committed 38848K, reserved 1114112K
  class space    used 5111K, committed 5248K, reserved 1048576K
}
Event: 12.454 GC heap after
{Heap after GC invocations=12 (full 0):
 garbage-first heap   total 43008K, used 20480K [0x00000000a2200000, 0x0000000100000000)
  region size 1024K, 3 young (3072K), 3 survivors (3072K)
 Metaspace       used 38515K, committed 38848K, reserved 1114112K
  class space    used 5111K, committed 5248K, reserved 1048576K
}
Event: 14.135 GC heap before
{Heap before GC invocations=12 (full 0):
 garbage-first heap   total 43008K, used 35840K [0x00000000a2200000, 0x0000000100000000)
  region size 1024K, 19 young (19456K), 3 survivors (3072K)
 Metaspace       used 41020K, committed 41472K, reserved 1114112K
  class space    used 5478K, committed 5696K, reserved 1048576K
}
Event: 14.140 GC heap after
{Heap after GC invocations=13 (full 0):
 garbage-first heap   total 43008K, used 21759K [0x00000000a2200000, 0x0000000100000000)
  region size 1024K, 2 young (2048K), 2 survivors (2048K)
 Metaspace       used 41020K, committed 41472K, reserved 1114112K
  class space    used 5478K, committed 5696K, reserved 1048576K
}
Event: 15.492 GC heap before
{Heap before GC invocations=13 (full 0):
 garbage-first heap   total 43008K, used 36095K [0x00000000a2200000, 0x0000000100000000)
  region size 1024K, 17 young (17408K), 2 survivors (2048K)
 Metaspace       used 42535K, committed 43008K, reserved 1114112K
  class space    used 5684K, committed 5888K, reserved 1048576K
}
Event: 15.495 GC heap after
{Heap after GC invocations=14 (full 0):
 garbage-first heap   total 43008K, used 22215K [0x00000000a2200000, 0x0000000100000000)
  region size 1024K, 2 young (2048K), 2 survivors (2048K)
 Metaspace       used 42535K, committed 43008K, reserved 1114112K
  class space    used 5684K, committed 5888K, reserved 1048576K
}
Event: 16.293 GC heap before
{Heap before GC invocations=15 (full 0):
 garbage-first heap   total 43008K, used 36551K [0x00000000a2200000, 0x0000000100000000)
  region size 1024K, 17 young (17408K), 2 survivors (2048K)
 Metaspace       used 45762K, committed 46208K, reserved 1114112K
  class space    used 6143K, committed 6336K, reserved 1048576K
}
Event: 16.296 GC heap after
{Heap after GC invocations=16 (full 0):
 garbage-first heap   total 43008K, used 23043K [0x00000000a2200000, 0x0000000100000000)
  region size 1024K, 2 young (2048K), 2 survivors (2048K)
 Metaspace       used 45762K, committed 46208K, reserved 1114112K
  class space    used 6143K, committed 6336K, reserved 1048576K
}
Event: 17.081 GC heap before
{Heap before GC invocations=16 (full 0):
 garbage-first heap   total 43008K, used 37379K [0x00000000a2200000, 0x0000000100000000)
  region size 1024K, 16 young (16384K), 2 survivors (2048K)
 Metaspace       used 49139K, committed 49600K, reserved 1114112K
  class space    used 6756K, committed 6976K, reserved 1048576K
}
Event: 17.084 GC heap after
{Heap after GC invocations=17 (full 0):
 garbage-first heap   total 43008K, used 23519K [0x00000000a2200000, 0x0000000100000000)
  region size 1024K, 2 young (2048K), 2 survivors (2048K)
 Metaspace       used 49139K, committed 49600K, reserved 1114112K
  class space    used 6756K, committed 6976K, reserved 1048576K
}
Event: 24.323 GC heap before
{Heap before GC invocations=17 (full 0):
 garbage-first heap   total 43008K, used 35807K [0x00000000a2200000, 0x0000000100000000)
  region size 1024K, 15 young (15360K), 2 survivors (2048K)
 Metaspace       used 53655K, committed 54208K, reserved 1114112K
  class space    used 7329K, committed 7552K, reserved 1048576K
}
Event: 24.328 GC heap after
{Heap after GC invocations=18 (full 0):
 garbage-first heap   total 43008K, used 24562K [0x00000000a2200000, 0x0000000100000000)
  region size 1024K, 2 young (2048K), 2 survivors (2048K)
 Metaspace       used 53655K, committed 54208K, reserved 1114112K
  class space    used 7329K, committed 7552K, reserved 1048576K
}
Event: 25.161 GC heap before
{Heap before GC invocations=19 (full 0):
 garbage-first heap   total 43008K, used 36850K [0x00000000a2200000, 0x0000000100000000)
  region size 1024K, 14 young (14336K), 2 survivors (2048K)
 Metaspace       used 56345K, committed 56896K, reserved 1114112K
  class space    used 7734K, committed 8000K, reserved 1048576K
}
Event: 25.165 GC heap after
{Heap after GC invocations=20 (full 0):
 garbage-first heap   total 43008K, used 25523K [0x00000000a2200000, 0x0000000100000000)
  region size 1024K, 2 young (2048K), 2 survivors (2048K)
 Metaspace       used 56345K, committed 56896K, reserved 1114112K
  class space    used 7734K, committed 8000K, reserved 1048576K
}
Event: 25.817 GC heap before
{Heap before GC invocations=20 (full 0):
 garbage-first heap   total 43008K, used 35763K [0x00000000a2200000, 0x0000000100000000)
  region size 1024K, 13 young (13312K), 2 survivors (2048K)
 Metaspace       used 57826K, committed 58368K, reserved 1114112K
  class space    used 7944K, committed 8192K, reserved 1048576K
}
Event: 25.822 GC heap after
{Heap after GC invocations=21 (full 0):
 garbage-first heap   total 43008K, used 26324K [0x00000000a2200000, 0x0000000100000000)
  region size 1024K, 2 young (2048K), 2 survivors (2048K)
 Metaspace       used 57826K, committed 58368K, reserved 1114112K
  class space    used 7944K, committed 8192K, reserved 1048576K
}
Event: 26.419 GC heap before
{Heap before GC invocations=21 (full 0):
 garbage-first heap   total 43008K, used 37588K [0x00000000a2200000, 0x0000000100000000)
  region size 1024K, 13 young (13312K), 2 survivors (2048K)
 Metaspace       used 59162K, committed 59648K, reserved 1114112K
  class space    used 8118K, committed 8320K, reserved 1048576K
}
Event: 26.422 GC heap after
{Heap after GC invocations=22 (full 0):
 garbage-first heap   total 43008K, used 26913K [0x00000000a2200000, 0x0000000100000000)
  region size 1024K, 1 young (1024K), 1 survivors (1024K)
 Metaspace       used 59162K, committed 59648K, reserved 1114112K
  class space    used 8118K, committed 8320K, reserved 1048576K
}

