# JRE version: OpenJDK Runtime Environment (21.0.8) (build 21.0.8+-14196175-b1038.72)
# Java VM: OpenJDK 64-Bit Server VM (21.0.8+-14196175-b1038.72, mixed mode, tiered, compressed oops, compressed class ptrs, g1 gc, windows-amd64)
GC Precious Log:
 CardTable entry size: 512
 Card Set container configuration: InlinePtr #cards 5 size 8 Array Of Cards #cards 12 size 40 Howl #buckets 4 coarsen threshold 1843 Howl Bitmap #cards 512 size 80 coarsen threshold 460 Card regions per heap region 1 cards per card region 2048
 CPUs: 12 total, 12 available
 Memory: 6005M
 Large Page Support: Disabled
 NUMA Support: Disabled
 Compressed Oops: Enabled (32-bit)
 Heap Region Size: 1M
 Heap Min Capacity: 8M
 Heap Initial Capacity: 94M
 Heap Max Capacity: 2G
 Pre-touch: Disabled
 Parallel Workers: 10
 Concurrent Workers: 3
 Concurrent Refinement Workers: 10
 Periodic GC: Disabled
Heap:
 garbage-first heap   total 253952K, used 244007K [0x0000000080000000, 0x0000000100000000)
  region size 1024K, 50 young (51200K), 2 survivors (2048K)
 Metaspace       used 151981K, committed 154368K, reserved 1245184K
  class space    used 21873K, committed 23040K, reserved 1048576K
GC Heap History (20 events):
Event: 51.569 GC heap after
{Heap after GC invocations=44 (full 0):
 garbage-first heap   total 186368K, used 112381K [0x0000000080000000, 0x0000000100000000)
  region size 1024K, 4 young (4096K), 4 survivors (4096K)
 Metaspace       used 109920K, committed 112128K, reserved 1179648K
  class space    used 15594K, committed 16640K, reserved 1048576K
}
Event: 53.275 GC heap before
{Heap before GC invocations=44 (full 0):
 garbage-first heap   total 186368K, used 177917K [0x0000000080000000, 0x0000000100000000)
  region size 1024K, 62 young (63488K), 4 survivors (4096K)
 Metaspace       used 115712K, committed 117952K, reserved 1179648K
  class space    used 16407K, committed 17472K, reserved 1048576K
}
Event: 53.284 GC heap after
{Heap after GC invocations=45 (full 0):
 garbage-first heap   total 190464K, used 115254K [0x0000000080000000, 0x0000000100000000)
  region size 1024K, 8 young (8192K), 8 survivors (8192K)
 Metaspace       used 115712K, committed 117952K, reserved 1179648K
  class space    used 16407K, committed 17472K, reserved 1048576K
}
Event: 54.128 GC heap before
{Heap before GC invocations=45 (full 0):
 garbage-first heap   total 190464K, used 170550K [0x0000000080000000, 0x0000000100000000)
  region size 1024K, 63 young (64512K), 8 survivors (8192K)
 Metaspace       used 121979K, committed 124160K, reserved 1179648K
  class space    used 17402K, committed 18432K, reserved 1048576K
}
Event: 54.138 GC heap after
{Heap after GC invocations=46 (full 0):
 garbage-first heap   total 190464K, used 121223K [0x0000000080000000, 0x0000000100000000)
  region size 1024K, 8 young (8192K), 8 survivors (8192K)
 Metaspace       used 121979K, committed 124160K, reserved 1179648K
  class space    used 17402K, committed 18432K, reserved 1048576K
}
Event: 54.773 GC heap before
{Heap before GC invocations=47 (full 0):
 garbage-first heap   total 203776K, used 169351K [0x0000000080000000, 0x0000000100000000)
  region size 1024K, 56 young (57344K), 8 survivors (8192K)
 Metaspace       used 127378K, committed 129664K, reserved 1179648K
  class space    used 18487K, committed 19584K, reserved 1048576K
}
Event: 54.784 GC heap after
{Heap after GC invocations=48 (full 0):
 garbage-first heap   total 203776K, used 125802K [0x0000000080000000, 0x0000000100000000)
  region size 1024K, 5 young (5120K), 5 survivors (5120K)
 Metaspace       used 127378K, committed 129664K, reserved 1179648K
  class space    used 18487K, committed 19584K, reserved 1048576K
}
Event: 55.165 GC heap before
{Heap before GC invocations=48 (full 0):
 garbage-first heap   total 203776K, used 185194K [0x0000000080000000, 0x0000000100000000)
  region size 1024K, 64 young (65536K), 5 survivors (5120K)
 Metaspace       used 129745K, committed 132032K, reserved 1179648K
  class space    used 18907K, committed 20032K, reserved 1048576K
}
Event: 55.174 GC heap after
{Heap after GC invocations=49 (full 0):
 garbage-first heap   total 244736K, used 126159K [0x0000000080000000, 0x0000000100000000)
  region size 1024K, 5 young (5120K), 5 survivors (5120K)
 Metaspace       used 129745K, committed 132032K, reserved 1179648K
  class space    used 18907K, committed 20032K, reserved 1048576K
}
Event: 55.565 GC heap before
{Heap before GC invocations=49 (full 0):
 garbage-first heap   total 244736K, used 183503K [0x0000000080000000, 0x0000000100000000)
  region size 1024K, 63 young (64512K), 5 survivors (5120K)
 Metaspace       used 132083K, committed 134336K, reserved 1179648K
  class space    used 19309K, committed 20416K, reserved 1048576K
}
Event: 55.577 GC heap after
{Heap after GC invocations=50 (full 0):
 garbage-first heap   total 244736K, used 129396K [0x0000000080000000, 0x0000000100000000)
  region size 1024K, 9 young (9216K), 9 survivors (9216K)
 Metaspace       used 132083K, committed 134336K, reserved 1179648K
  class space    used 19309K, committed 20416K, reserved 1048576K
}
Event: 56.663 GC heap before
{Heap before GC invocations=51 (full 0):
 garbage-first heap   total 244736K, used 220532K [0x0000000080000000, 0x0000000100000000)
  region size 1024K, 98 young (100352K), 9 survivors (9216K)
 Metaspace       used 133392K, committed 135680K, reserved 1179648K
  class space    used 19417K, committed 20544K, reserved 1048576K
}
Event: 56.671 GC heap after
{Heap after GC invocations=52 (full 0):
 garbage-first heap   total 244736K, used 127611K [0x0000000080000000, 0x0000000100000000)
  region size 1024K, 4 young (4096K), 4 survivors (4096K)
 Metaspace       used 133392K, committed 135680K, reserved 1179648K
  class space    used 19417K, committed 20544K, reserved 1048576K
}
Event: 58.354 GC heap before
{Heap before GC invocations=52 (full 0):
 garbage-first heap   total 244736K, used 225915K [0x0000000080000000, 0x0000000100000000)
  region size 1024K, 101 young (103424K), 4 survivors (4096K)
 Metaspace       used 137461K, committed 139776K, reserved 1179648K
  class space    used 20030K, committed 21120K, reserved 1048576K
}
Event: 58.369 GC heap after
{Heap after GC invocations=53 (full 0):
 garbage-first heap   total 244736K, used 136988K [0x0000000080000000, 0x0000000100000000)
  region size 1024K, 13 young (13312K), 13 survivors (13312K)
 Metaspace       used 137461K, committed 139776K, reserved 1179648K
  class space    used 20030K, committed 21120K, reserved 1048576K
}
Event: 58.588 GC heap before
{Heap before GC invocations=53 (full 0):
 garbage-first heap   total 244736K, used 139036K [0x0000000080000000, 0x0000000100000000)
  region size 1024K, 17 young (17408K), 13 survivors (13312K)
 Metaspace       used 138334K, committed 140608K, reserved 1179648K
  class space    used 20147K, committed 21248K, reserved 1048576K
}
Event: 58.598 GC heap after
{Heap after GC invocations=54 (full 0):
 garbage-first heap   total 244736K, used 139898K [0x0000000080000000, 0x0000000100000000)
  region size 1024K, 2 young (2048K), 2 survivors (2048K)
 Metaspace       used 138334K, committed 140608K, reserved 1179648K
  class space    used 20147K, committed 21248K, reserved 1048576K
}
Event: 61.342 GC heap before
{Heap before GC invocations=55 (full 0):
 garbage-first heap   total 244736K, used 233082K [0x0000000080000000, 0x0000000100000000)
  region size 1024K, 88 young (90112K), 2 survivors (2048K)
 Metaspace       used 147214K, committed 149504K, reserved 1179648K
  class space    used 21299K, committed 22400K, reserved 1048576K
}
Event: 61.350 GC heap after
{Heap after GC invocations=56 (full 0):
 garbage-first heap   total 244736K, used 146727K [0x0000000080000000, 0x0000000100000000)
  region size 1024K, 7 young (7168K), 7 survivors (7168K)
 Metaspace       used 147214K, committed 149504K, reserved 1179648K
  class space    used 21299K, committed 22400K, reserved 1048576K
}
Event: 63.193 GC heap before
{Heap before GC invocations=56 (full 0):
 garbage-first heap   total 244736K, used 242983K [0x0000000080000000, 0x0000000100000000)
  region size 1024K, 55 young (56320K), 7 survivors (7168K)
 Metaspace       used 151981K, committed 154368K, reserved 1245184K
  class space    used 21873K, committed 23040K, reserved 1048576K
}

