# JRE version: OpenJDK Runtime Environment (21.0.8) (build 21.0.8+-14196175-b1038.72)
# Java VM: OpenJDK 64-Bit Server VM (21.0.8+-14196175-b1038.72, mixed mode, tiered, compressed oops, compressed class ptrs, g1 gc, windows-amd64)
GC Precious Log:
 CardTable entry size: 512
 Card Set container configuration: InlinePtr #cards 5 size 8 Array Of Cards #cards 12 size 40 Howl #buckets 4 coarsen threshold 1843 Howl Bitmap #cards 512 size 80 coarsen threshold 460 Card regions per heap region 1 cards per card region 2048
 CPUs: 12 total, 12 available
 Memory: 6005M
 Large Page Support: Disabled
 NUMA Support: Disabled
 Compressed Oops: Enabled (32-bit)
 Heap Region Size: 1M
 Heap Min Capacity: 8M
 Heap Initial Capacity: 94M
 Heap Max Capacity: 2G
 Pre-touch: Disabled
 Parallel Workers: 10
 Concurrent Workers: 3
 Concurrent Refinement Workers: 10
 Periodic GC: Disabled
Heap:
 garbage-first heap   total 415744K, used 369453K [0x0000000080000000, 0x0000000100000000)
  region size 1024K, 168 young (172032K), 11 survivors (11264K)
 Metaspace       used 161697K, committed 164992K, reserved 1245184K
  class space    used 21935K, committed 23744K, reserved 1048576K
GC Heap History (20 events):
Event: 2023.611 GC heap before
{Heap before GC invocations=93 (full 0):
 garbage-first heap   total 380928K, used 378776K [0x0000000080000000, 0x0000000100000000)
  region size 1024K, 172 young (176128K), 10 survivors (10240K)
 Metaspace       used 159701K, committed 164864K, reserved 1245184K
  class space    used 21875K, committed 23744K, reserved 1048576K
}
Event: 2023.656 GC heap after
{Heap after GC invocations=94 (full 0):
 garbage-first heap   total 386048K, used 143925K [0x0000000080000000, 0x0000000100000000)
  region size 1024K, 5 young (5120K), 5 survivors (5120K)
 Metaspace       used 159701K, committed 164864K, reserved 1245184K
  class space    used 21875K, committed 23744K, reserved 1048576K
}
Event: 2124.390 GC heap before
{Heap before GC invocations=94 (full 0):
 garbage-first heap   total 386048K, used 383541K [0x0000000080000000, 0x0000000100000000)
  region size 1024K, 177 young (181248K), 5 survivors (5120K)
 Metaspace       used 159921K, committed 164864K, reserved 1245184K
  class space    used 21876K, committed 23744K, reserved 1048576K
}
Event: 2124.726 GC heap after
{Heap after GC invocations=95 (full 0):
 garbage-first heap   total 395264K, used 121026K [0x0000000080000000, 0x0000000100000000)
  region size 1024K, 2 young (2048K), 2 survivors (2048K)
 Metaspace       used 159921K, committed 164864K, reserved 1245184K
  class space    used 21876K, committed 23744K, reserved 1048576K
}
Event: 2130.323 GC heap before
{Heap before GC invocations=95 (full 0):
 garbage-first heap   total 395264K, used 216258K [0x0000000080000000, 0x0000000100000000)
  region size 1024K, 93 young (95232K), 2 survivors (2048K)
 Metaspace       used 160052K, committed 164928K, reserved 1245184K
  class space    used 21882K, committed 23744K, reserved 1048576K
}
Event: 2130.376 GC heap after
{Heap after GC invocations=96 (full 0):
 garbage-first heap   total 395264K, used 140487K [0x0000000080000000, 0x0000000100000000)
  region size 1024K, 12 young (12288K), 12 survivors (12288K)
 Metaspace       used 160052K, committed 164928K, reserved 1245184K
  class space    used 21882K, committed 23744K, reserved 1048576K
}
Event: 2133.669 GC heap before
{Heap before GC invocations=96 (full 0):
 garbage-first heap   total 395264K, used 239815K [0x0000000080000000, 0x0000000100000000)
  region size 1024K, 85 young (87040K), 12 survivors (12288K)
 Metaspace       used 160092K, committed 164928K, reserved 1245184K
  class space    used 21882K, committed 23744K, reserved 1048576K
}
Event: 2133.700 GC heap after
{Heap after GC invocations=97 (full 0):
 garbage-first heap   total 395264K, used 152184K [0x0000000080000000, 0x0000000100000000)
  region size 1024K, 11 young (11264K), 11 survivors (11264K)
 Metaspace       used 160092K, committed 164928K, reserved 1245184K
  class space    used 21882K, committed 23744K, reserved 1048576K
}
Event: 2134.068 GC heap before
{Heap before GC invocations=97 (full 0):
 garbage-first heap   total 395264K, used 176760K [0x0000000080000000, 0x0000000100000000)
  region size 1024K, 37 young (37888K), 11 survivors (11264K)
 Metaspace       used 160119K, committed 164928K, reserved 1245184K
  class space    used 21882K, committed 23744K, reserved 1048576K
}
Event: 2134.092 GC heap after
{Heap after GC invocations=98 (full 0):
 garbage-first heap   total 395264K, used 154027K [0x0000000080000000, 0x0000000100000000)
  region size 1024K, 13 young (13312K), 13 survivors (13312K)
 Metaspace       used 160119K, committed 164928K, reserved 1245184K
  class space    used 21882K, committed 23744K, reserved 1048576K
}
Event: 2276.514 GC heap before
{Heap before GC invocations=99 (full 0):
 garbage-first heap   total 395264K, used 385451K [0x0000000080000000, 0x0000000100000000)
  region size 1024K, 196 young (200704K), 13 survivors (13312K)
 Metaspace       used 160716K, committed 164928K, reserved 1245184K
  class space    used 21912K, committed 23744K, reserved 1048576K
}
Event: 2276.648 GC heap after
{Heap after GC invocations=100 (full 0):
 garbage-first heap   total 415744K, used 171239K [0x0000000080000000, 0x0000000100000000)
  region size 1024K, 25 young (25600K), 25 survivors (25600K)
 Metaspace       used 160716K, committed 164928K, reserved 1245184K
  class space    used 21912K, committed 23744K, reserved 1048576K
}
Event: 2278.203 GC heap before
{Heap before GC invocations=100 (full 0):
 garbage-first heap   total 415744K, used 239847K [0x0000000080000000, 0x0000000100000000)
  region size 1024K, 68 young (69632K), 25 survivors (25600K)
 Metaspace       used 160723K, committed 164992K, reserved 1245184K
  class space    used 21912K, committed 23744K, reserved 1048576K
}
Event: 2278.260 GC heap after
{Heap after GC invocations=101 (full 0):
 garbage-first heap   total 415744K, used 177152K [0x0000000080000000, 0x0000000100000000)
  region size 1024K, 9 young (9216K), 9 survivors (9216K)
 Metaspace       used 160723K, committed 164992K, reserved 1245184K
  class space    used 21912K, committed 23744K, reserved 1048576K
}
Event: 2285.567 GC heap before
{Heap before GC invocations=101 (full 0):
 garbage-first heap   total 415744K, used 370688K [0x0000000080000000, 0x0000000100000000)
  region size 1024K, 158 young (161792K), 9 survivors (9216K)
 Metaspace       used 161245K, committed 164992K, reserved 1245184K
  class space    used 21937K, committed 23744K, reserved 1048576K
}
Event: 2285.594 GC heap after
{Heap after GC invocations=102 (full 0):
 garbage-first heap   total 415744K, used 182169K [0x0000000080000000, 0x0000000100000000)
  region size 1024K, 11 young (11264K), 11 survivors (11264K)
 Metaspace       used 161245K, committed 164992K, reserved 1245184K
  class space    used 21937K, committed 23744K, reserved 1048576K
}
Event: 2513.258 GC heap before
{Heap before GC invocations=102 (full 0):
 garbage-first heap   total 415744K, used 367513K [0x0000000080000000, 0x0000000100000000)
  region size 1024K, 193 young (197632K), 11 survivors (11264K)
 Metaspace       used 161632K, committed 164992K, reserved 1245184K
  class space    used 21968K, committed 23744K, reserved 1048576K
}
Event: 2513.477 GC heap after
{Heap after GC invocations=103 (full 0):
 garbage-first heap   total 415744K, used 185035K [0x0000000080000000, 0x0000000100000000)
  region size 1024K, 18 young (18432K), 18 survivors (18432K)
 Metaspace       used 161632K, committed 164992K, reserved 1245184K
  class space    used 21968K, committed 23744K, reserved 1048576K
}
Event: 2513.824 GC heap before
{Heap before GC invocations=103 (full 0):
 garbage-first heap   total 415744K, used 196299K [0x0000000080000000, 0x0000000100000000)
  region size 1024K, 30 young (30720K), 18 survivors (18432K)
 Metaspace       used 161634K, committed 164992K, reserved 1245184K
  class space    used 21968K, committed 23744K, reserved 1048576K
}
Event: 2513.854 GC heap after
{Heap after GC invocations=104 (full 0):
 garbage-first heap   total 415744K, used 186157K [0x0000000080000000, 0x0000000100000000)
  region size 1024K, 11 young (11264K), 11 survivors (11264K)
 Metaspace       used 161634K, committed 164992K, reserved 1245184K
  class space    used 21968K, committed 23744K, reserved 1048576K
}

