# JRE version: OpenJDK Runtime Environment (21.0.8) (build 21.0.8+-14196175-b1038.72)
# Java VM: OpenJDK 64-Bit Server VM (21.0.8+-14196175-b1038.72, mixed mode, tiered, compressed oops, compressed class ptrs, g1 gc, windows-amd64)
GC Precious Log:
 CardTable entry size: 512
 Card Set container configuration: InlinePtr #cards 5 size 8 Array Of Cards #cards 12 size 40 Howl #buckets 4 coarsen threshold 1843 Howl Bitmap #cards 512 size 80 coarsen threshold 460 Card regions per heap region 1 cards per card region 2048
 CPUs: 12 total, 12 available
 Memory: 6005M
 Large Page Support: Disabled
 NUMA Support: Disabled
 Compressed Oops: Enabled (32-bit)
 Heap Region Size: 1M
 Heap Min Capacity: 8M
 Heap Initial Capacity: 94M
 Heap Max Capacity: 2G
 Pre-touch: Disabled
 Parallel Workers: 10
 Concurrent Workers: 3
 Concurrent Refinement Workers: 10
 Periodic GC: Disabled
Heap:
 garbage-first heap   total 301056K, used 222555K [0x0000000080000000, 0x0000000100000000)
  region size 1024K, 54 young (55296K), 10 survivors (10240K)
 Metaspace       used 147923K, committed 150336K, reserved 1179648K
  class space    used 20746K, committed 21952K, reserved 1048576K
GC Heap History (20 events):
Event: 31.913 GC heap before
{Heap before GC invocations=55 (full 0):
 garbage-first heap   total 215040K, used 177162K [0x0000000080000000, 0x0000000100000000)
  region size 1024K, 56 young (57344K), 6 survivors (6144K)
 Metaspace       used 117385K, committed 119616K, reserved 1179648K
  class space    used 16407K, committed 17472K, reserved 1048576K
}
Event: 31.921 GC heap after
{Heap after GC invocations=56 (full 0):
 garbage-first heap   total 215040K, used 130874K [0x0000000080000000, 0x0000000100000000)
  region size 1024K, 6 young (6144K), 6 survivors (6144K)
 Metaspace       used 117385K, committed 119616K, reserved 1179648K
  class space    used 16407K, committed 17472K, reserved 1048576K
}
Event: 46.167 GC heap before
{Heap before GC invocations=56 (full 0):
 garbage-first heap   total 215040K, used 187194K [0x0000000080000000, 0x0000000100000000)
  region size 1024K, 62 young (63488K), 6 survivors (6144K)
 Metaspace       used 118046K, committed 120320K, reserved 1179648K
  class space    used 16484K, committed 17600K, reserved 1048576K
}
Event: 46.183 GC heap after
{Heap after GC invocations=57 (full 0):
 garbage-first heap   total 258048K, used 122981K [0x0000000080000000, 0x0000000100000000)
  region size 1024K, 8 young (8192K), 8 survivors (8192K)
 Metaspace       used 118046K, committed 120320K, reserved 1179648K
  class space    used 16484K, committed 17600K, reserved 1048576K
}
Event: 48.697 GC heap before
{Heap before GC invocations=57 (full 0):
 garbage-first heap   total 258048K, used 213093K [0x0000000080000000, 0x0000000100000000)
  region size 1024K, 95 young (97280K), 8 survivors (8192K)
 Metaspace       used 121380K, committed 123648K, reserved 1179648K
  class space    used 16931K, committed 18048K, reserved 1048576K
}
Event: 48.711 GC heap after
{Heap after GC invocations=58 (full 0):
 garbage-first heap   total 258048K, used 131036K [0x0000000080000000, 0x0000000100000000)
  region size 1024K, 12 young (12288K), 12 survivors (12288K)
 Metaspace       used 121380K, committed 123648K, reserved 1179648K
  class space    used 16931K, committed 18048K, reserved 1048576K
}
Event: 49.162 GC heap before
{Heap before GC invocations=58 (full 0):
 garbage-first heap   total 258048K, used 150492K [0x0000000080000000, 0x0000000100000000)
  region size 1024K, 33 young (33792K), 12 survivors (12288K)
 Metaspace       used 125837K, committed 128128K, reserved 1179648K
  class space    used 17547K, committed 18688K, reserved 1048576K
}
Event: 49.170 GC heap after
{Heap after GC invocations=59 (full 0):
 garbage-first heap   total 258048K, used 132939K [0x0000000080000000, 0x0000000100000000)
  region size 1024K, 2 young (2048K), 2 survivors (2048K)
 Metaspace       used 125837K, committed 128128K, reserved 1179648K
  class space    used 17547K, committed 18688K, reserved 1048576K
}
Event: 51.030 GC heap before
{Heap before GC invocations=60 (full 0):
 garbage-first heap   total 258048K, used 231243K [0x0000000080000000, 0x0000000100000000)
  region size 1024K, 95 young (97280K), 2 survivors (2048K)
 Metaspace       used 130167K, committed 132480K, reserved 1179648K
  class space    used 18006K, committed 19136K, reserved 1048576K
}
Event: 51.047 GC heap after
{Heap after GC invocations=61 (full 0):
 garbage-first heap   total 258048K, used 154964K [0x0000000080000000, 0x0000000100000000)
  region size 1024K, 12 young (12288K), 12 survivors (12288K)
 Metaspace       used 130167K, committed 132480K, reserved 1179648K
  class space    used 18006K, committed 19136K, reserved 1048576K
}
Event: 110.341 GC heap before
{Heap before GC invocations=61 (full 0):
 garbage-first heap   total 258048K, used 226644K [0x0000000080000000, 0x0000000100000000)
  region size 1024K, 83 young (84992K), 12 survivors (12288K)
 Metaspace       used 134001K, committed 136384K, reserved 1179648K
  class space    used 18497K, committed 19648K, reserved 1048576K
}
Event: 110.487 GC heap after
{Heap after GC invocations=62 (full 0):
 garbage-first heap   total 258048K, used 150214K [0x0000000080000000, 0x0000000100000000)
  region size 1024K, 4 young (4096K), 4 survivors (4096K)
 Metaspace       used 134001K, committed 136384K, reserved 1179648K
  class space    used 18497K, committed 19648K, reserved 1048576K
}
Event: 113.869 GC heap before
{Heap before GC invocations=62 (full 0):
 garbage-first heap   total 258048K, used 223942K [0x0000000080000000, 0x0000000100000000)
  region size 1024K, 78 young (79872K), 4 survivors (4096K)
 Metaspace       used 134595K, committed 137024K, reserved 1179648K
  class space    used 18503K, committed 19712K, reserved 1048576K
}
Event: 113.902 GC heap after
{Heap after GC invocations=63 (full 0):
 garbage-first heap   total 258048K, used 160290K [0x0000000080000000, 0x0000000100000000)
  region size 1024K, 11 young (11264K), 11 survivors (11264K)
 Metaspace       used 134595K, committed 137024K, reserved 1179648K
  class space    used 18503K, committed 19712K, reserved 1048576K
}
Event: 115.241 GC heap before
{Heap before GC invocations=64 (full 0):
 garbage-first heap   total 273408K, used 236066K [0x0000000080000000, 0x0000000100000000)
  region size 1024K, 81 young (82944K), 11 survivors (11264K)
 Metaspace       used 135110K, committed 137472K, reserved 1179648K
  class space    used 18526K, committed 19712K, reserved 1048576K
}
Event: 115.267 GC heap after
{Heap after GC invocations=65 (full 0):
 garbage-first heap   total 273408K, used 181095K [0x0000000080000000, 0x0000000100000000)
  region size 1024K, 11 young (11264K), 11 survivors (11264K)
 Metaspace       used 135110K, committed 137472K, reserved 1179648K
  class space    used 18526K, committed 19712K, reserved 1048576K
}
Event: 116.532 GC heap before
{Heap before GC invocations=65 (full 0):
 garbage-first heap   total 273408K, used 245607K [0x0000000080000000, 0x0000000100000000)
  region size 1024K, 73 young (74752K), 11 survivors (11264K)
 Metaspace       used 136380K, committed 138816K, reserved 1179648K
  class space    used 18667K, committed 19904K, reserved 1048576K
}
Event: 116.541 GC heap after
{Heap after GC invocations=66 (full 0):
 garbage-first heap   total 273408K, used 174638K [0x0000000080000000, 0x0000000100000000)
  region size 1024K, 5 young (5120K), 5 survivors (5120K)
 Metaspace       used 136380K, committed 138816K, reserved 1179648K
  class space    used 18667K, committed 19904K, reserved 1048576K
}
Event: 117.565 GC heap before
{Heap before GC invocations=66 (full 0):
 garbage-first heap   total 273408K, used 243246K [0x0000000080000000, 0x0000000100000000)
  region size 1024K, 73 young (74752K), 5 survivors (5120K)
 Metaspace       used 142456K, committed 144832K, reserved 1179648K
  class space    used 19693K, committed 20864K, reserved 1048576K
}
Event: 117.575 GC heap after
{Heap after GC invocations=67 (full 0):
 garbage-first heap   total 273408K, used 182619K [0x0000000080000000, 0x0000000100000000)
  region size 1024K, 10 young (10240K), 10 survivors (10240K)
 Metaspace       used 142456K, committed 144832K, reserved 1179648K
  class space    used 19693K, committed 20864K, reserved 1048576K
}

