# JRE version: OpenJDK Runtime Environment (21.0.8) (build 21.0.8+-14196175-b1038.72)
# Java VM: OpenJDK 64-Bit Server VM (21.0.8+-14196175-b1038.72, mixed mode, tiered, compressed oops, compressed class ptrs, g1 gc, windows-amd64)
GC Precious Log:
 CardTable entry size: 512
 Card Set container configuration: InlinePtr #cards 5 size 8 Array Of Cards #cards 12 size 40 Howl #buckets 4 coarsen threshold 1843 Howl Bitmap #cards 512 size 80 coarsen threshold 460 Card regions per heap region 1 cards per card region 2048
 CPUs: 12 total, 12 available
 Memory: 6005M
 Large Page Support: Disabled
 NUMA Support: Disabled
 Compressed Oops: Enabled (32-bit)
 Heap Region Size: 1M
 Heap Min Capacity: 8M
 Heap Initial Capacity: 94M
 Heap Max Capacity: 2G
 Pre-touch: Disabled
 Parallel Workers: 10
 Concurrent Workers: 3
 Concurrent Refinement Workers: 10
 Periodic GC: Disabled
Heap:
 garbage-first heap   total 204800K, used 127969K [0x0000000080000000, 0x0000000100000000)
  region size 1024K, 8 young (8192K), 8 survivors (8192K)
 Metaspace       used 133214K, committed 135616K, reserved 1179648K
  class space    used 19535K, committed 20736K, reserved 1048576K
GC Heap History (20 events):
Event: 22.383 GC heap after
{Heap after GC invocations=40 (full 0):
 garbage-first heap   total 149504K, used 102135K [0x0000000080000000, 0x0000000100000000)
  region size 1024K, 5 young (5120K), 5 survivors (5120K)
 Metaspace       used 108613K, committed 110848K, reserved 1179648K
  class space    used 15470K, committed 16576K, reserved 1048576K
}
Event: 22.588 GC heap before
{Heap before GC invocations=41 (full 0):
 garbage-first heap   total 171008K, used 134903K [0x0000000080000000, 0x0000000100000000)
  region size 1024K, 37 young (37888K), 5 survivors (5120K)
 Metaspace       used 108622K, committed 110848K, reserved 1179648K
  class space    used 15471K, committed 16576K, reserved 1048576K
}
Event: 22.593 GC heap after
{Heap after GC invocations=42 (full 0):
 garbage-first heap   total 171008K, used 105596K [0x0000000080000000, 0x0000000100000000)
  region size 1024K, 4 young (4096K), 4 survivors (4096K)
 Metaspace       used 108622K, committed 110848K, reserved 1179648K
  class space    used 15471K, committed 16576K, reserved 1048576K
}
Event: 23.133 GC heap before
{Heap before GC invocations=42 (full 0):
 garbage-first heap   total 171008K, used 153724K [0x0000000080000000, 0x0000000100000000)
  region size 1024K, 52 young (53248K), 4 survivors (4096K)
 Metaspace       used 108939K, committed 111232K, reserved 1179648K
  class space    used 15513K, committed 16640K, reserved 1048576K
}
Event: 23.140 GC heap after
{Heap after GC invocations=43 (full 0):
 garbage-first heap   total 171008K, used 107769K [0x0000000080000000, 0x0000000100000000)
  region size 1024K, 6 young (6144K), 6 survivors (6144K)
 Metaspace       used 108939K, committed 111232K, reserved 1179648K
  class space    used 15513K, committed 16640K, reserved 1048576K
}
Event: 23.435 GC heap before
{Heap before GC invocations=43 (full 0):
 garbage-first heap   total 171008K, used 153849K [0x0000000080000000, 0x0000000100000000)
  region size 1024K, 52 young (53248K), 6 survivors (6144K)
 Metaspace       used 109045K, committed 111296K, reserved 1179648K
  class space    used 15525K, committed 16640K, reserved 1048576K
}
Event: 23.441 GC heap after
{Heap after GC invocations=44 (full 0):
 garbage-first heap   total 171008K, used 109955K [0x0000000080000000, 0x0000000100000000)
  region size 1024K, 5 young (5120K), 5 survivors (5120K)
 Metaspace       used 109045K, committed 111296K, reserved 1179648K
  class space    used 15525K, committed 16640K, reserved 1048576K
}
Event: 24.025 GC heap before
{Heap before GC invocations=45 (full 0):
 garbage-first heap   total 184320K, used 155011K [0x0000000080000000, 0x0000000100000000)
  region size 1024K, 50 young (51200K), 5 survivors (5120K)
 Metaspace       used 109413K, committed 111616K, reserved 1179648K
  class space    used 15563K, committed 16640K, reserved 1048576K
}
Event: 24.031 GC heap after
{Heap after GC invocations=46 (full 0):
 garbage-first heap   total 184320K, used 111859K [0x0000000080000000, 0x0000000100000000)
  region size 1024K, 5 young (5120K), 5 survivors (5120K)
 Metaspace       used 109413K, committed 111616K, reserved 1179648K
  class space    used 15563K, committed 16640K, reserved 1048576K
}
Event: 25.123 GC heap before
{Heap before GC invocations=46 (full 0):
 garbage-first heap   total 184320K, used 174323K [0x0000000080000000, 0x0000000100000000)
  region size 1024K, 60 young (61440K), 5 survivors (5120K)
 Metaspace       used 112057K, committed 114304K, reserved 1179648K
  class space    used 15862K, committed 16960K, reserved 1048576K
}
Event: 25.128 GC heap after
{Heap after GC invocations=47 (full 0):
 garbage-first heap   total 184320K, used 113855K [0x0000000080000000, 0x0000000100000000)
  region size 1024K, 7 young (7168K), 7 survivors (7168K)
 Metaspace       used 112057K, committed 114304K, reserved 1179648K
  class space    used 15862K, committed 16960K, reserved 1048576K
}
Event: 25.835 GC heap before
{Heap before GC invocations=47 (full 0):
 garbage-first heap   total 184320K, used 166079K [0x0000000080000000, 0x0000000100000000)
  region size 1024K, 59 young (60416K), 7 survivors (7168K)
 Metaspace       used 116949K, committed 119168K, reserved 1179648K
  class space    used 16657K, committed 17728K, reserved 1048576K
}
Event: 25.845 GC heap after
{Heap after GC invocations=48 (full 0):
 garbage-first heap   total 184320K, used 119670K [0x0000000080000000, 0x0000000100000000)
  region size 1024K, 8 young (8192K), 8 survivors (8192K)
 Metaspace       used 116949K, committed 119168K, reserved 1179648K
  class space    used 16657K, committed 17728K, reserved 1048576K
}
Event: 26.392 GC heap before
{Heap before GC invocations=48 (full 0):
 garbage-first heap   total 184320K, used 164726K [0x0000000080000000, 0x0000000100000000)
  region size 1024K, 53 young (54272K), 8 survivors (8192K)
 Metaspace       used 123154K, committed 125440K, reserved 1179648K
  class space    used 17845K, committed 18944K, reserved 1048576K
}
Event: 26.400 GC heap after
{Heap after GC invocations=49 (full 0):
 garbage-first heap   total 184320K, used 122399K [0x0000000080000000, 0x0000000100000000)
  region size 1024K, 3 young (3072K), 3 survivors (3072K)
 Metaspace       used 123154K, committed 125440K, reserved 1179648K
  class space    used 17845K, committed 18944K, reserved 1048576K
}
Event: 27.276 GC heap before
{Heap before GC invocations=50 (full 0):
 garbage-first heap   total 204800K, used 168479K [0x0000000080000000, 0x0000000100000000)
  region size 1024K, 49 young (50176K), 3 survivors (3072K)
 Metaspace       used 127886K, committed 130176K, reserved 1179648K
  class space    used 18685K, committed 19776K, reserved 1048576K
}
Event: 27.284 GC heap after
{Heap after GC invocations=51 (full 0):
 garbage-first heap   total 204800K, used 124944K [0x0000000080000000, 0x0000000100000000)
  region size 1024K, 6 young (6144K), 6 survivors (6144K)
 Metaspace       used 127886K, committed 130176K, reserved 1179648K
  class space    used 18685K, committed 19776K, reserved 1048576K
}
Event: 27.591 GC heap before
{Heap before GC invocations=51 (full 0):
 garbage-first heap   total 204800K, used 185360K [0x0000000080000000, 0x0000000100000000)
  region size 1024K, 66 young (67584K), 6 survivors (6144K)
 Metaspace       used 130822K, committed 133120K, reserved 1179648K
  class space    used 19112K, committed 20224K, reserved 1048576K
}
Event: 27.598 GC heap after
{Heap after GC invocations=52 (full 0):
 garbage-first heap   total 204800K, used 125221K [0x0000000080000000, 0x0000000100000000)
  region size 1024K, 5 young (5120K), 5 survivors (5120K)
 Metaspace       used 130822K, committed 133120K, reserved 1179648K
  class space    used 19112K, committed 20224K, reserved 1048576K
}
Event: 27.914 GC heap before
{Heap before GC invocations=52 (full 0):
 garbage-first heap   total 204800K, used 181541K [0x0000000080000000, 0x0000000100000000)
  region size 1024K, 62 young (63488K), 5 survivors (5120K)
 Metaspace       used 133214K, committed 135616K, reserved 1179648K
  class space    used 19535K, committed 20736K, reserved 1048576K
}

